2016-05-19 13:52:57 Error: [Cake\Routing\Exception\MissingControllerException] Controller class Webroot could not be found.
Exception Attributes: array (
  'class' => 'Webroot',
  'plugin' => NULL,
  'prefix' => NULL,
  '_ext' => NULL,
)
Request URL: /casamento/webroot/css/
Client IP: 10.240.0.187
Stack Trace:
#0 /home/ubuntu/workspace/casamento/webroot/index.php(37): Cake\Routing\Dispatcher->dispatch(Object(Cake\Network\Request), Object(Cake\Network\Response))
#1 {main}


2016-05-30 03:07:48 Error: Fatal Error (4): syntax error, unexpected ')', expecting ']' in [/home/ubuntu/workspace/casamento/src/Template/Messages/index.ctp, line 12]
Request URL: /casamento/messages
Client IP: 10.240.0.192
Trace:
Cake\Error\BaseErrorHandler::handleFatalError() - CORE/src/Error/BaseErrorHandler.php, line 215
Cake\Error\BaseErrorHandler::Cake\Error\{closure}() - CORE/src/Error/BaseErrorHandler.php, line 98
[main] - [internal], line ??



2016-05-30 03:07:48 Error: [Cake\Error\FatalErrorException] syntax error, unexpected ')', expecting ']'
Request URL: /casamento/messages
Client IP: 10.240.0.192
Stack Trace:
#0 /home/ubuntu/workspace/casamento/vendor/cakephp/cakephp/src/Error/BaseErrorHandler.php(98): Cake\Error\BaseErrorHandler->handleFatalError(4, 'syntax error, u...', '/home/ubuntu/wo...', 12)
#1 [internal function]: Cake\Error\BaseErrorHandler->Cake\Error\{closure}()
#2 {main}


2016-05-30 03:11:11 Error: Fatal Error (4): syntax error, unexpected ';', expecting ':' in [/home/ubuntu/workspace/casamento/src/Template/Messages/index.ctp, line 13]
Request URL: /casamento/messages
Client IP: 10.240.0.75
Trace:
Cake\Error\BaseErrorHandler::handleFatalError() - CORE/src/Error/BaseErrorHandler.php, line 215
Cake\Error\BaseErrorHandler::Cake\Error\{closure}() - CORE/src/Error/BaseErrorHandler.php, line 98
[main] - [internal], line ??



2016-05-30 03:11:11 Error: [Cake\Error\FatalErrorException] syntax error, unexpected ';', expecting ':'
Request URL: /casamento/messages
Client IP: 10.240.0.75
Stack Trace:
#0 /home/ubuntu/workspace/casamento/vendor/cakephp/cakephp/src/Error/BaseErrorHandler.php(98): Cake\Error\BaseErrorHandler->handleFatalError(4, 'syntax error, u...', '/home/ubuntu/wo...', 13)
#1 [internal function]: Cake\Error\BaseErrorHandler->Cake\Error\{closure}()
#2 {main}


2016-05-30 03:15:30 Error: Fatal Error (4): syntax error, unexpected '?' in [/home/ubuntu/workspace/casamento/src/Template/Messages/index.ctp, line 13]
Request URL: /casamento/messages
Client IP: 10.240.0.187
Trace:
Cake\Error\BaseErrorHandler::handleFatalError() - CORE/src/Error/BaseErrorHandler.php, line 215
Cake\Error\BaseErrorHandler::Cake\Error\{closure}() - CORE/src/Error/BaseErrorHandler.php, line 98
[main] - [internal], line ??



2016-05-30 03:15:30 Error: [Cake\Error\FatalErrorException] syntax error, unexpected '?'
Request URL: /casamento/messages
Client IP: 10.240.0.187
Stack Trace:
#0 /home/ubuntu/workspace/casamento/vendor/cakephp/cakephp/src/Error/BaseErrorHandler.php(98): Cake\Error\BaseErrorHandler->handleFatalError(4, 'syntax error, u...', '/home/ubuntu/wo...', 13)
#1 [internal function]: Cake\Error\BaseErrorHandler->Cake\Error\{closure}()
#2 {main}


2016-05-30 03:16:38 Error: Fatal Error (4): syntax error, unexpected 'else' (T_ELSE) in [/home/ubuntu/workspace/casamento/src/Template/Messages/index.ctp, line 14]
Request URL: /casamento/messages
Client IP: 10.240.0.207
Trace:
Cake\Error\BaseErrorHandler::handleFatalError() - CORE/src/Error/BaseErrorHandler.php, line 215
Cake\Error\BaseErrorHandler::Cake\Error\{closure}() - CORE/src/Error/BaseErrorHandler.php, line 98
[main] - [internal], line ??



2016-05-30 03:16:38 Error: [Cake\Error\FatalErrorException] syntax error, unexpected 'else' (T_ELSE)
Request URL: /casamento/messages
Client IP: 10.240.0.207
Stack Trace:
#0 /home/ubuntu/workspace/casamento/vendor/cakephp/cakephp/src/Error/BaseErrorHandler.php(98): Cake\Error\BaseErrorHandler->handleFatalError(4, 'syntax error, u...', '/home/ubuntu/wo...', 14)
#1 [internal function]: Cake\Error\BaseErrorHandler->Cake\Error\{closure}()
#2 {main}


2016-05-30 03:16:58 Error: Fatal Error (4): syntax error, unexpected '}' in [/home/ubuntu/workspace/casamento/src/Template/Messages/index.ctp, line 14]
Request URL: /casamento/messages
Client IP: 10.240.0.203
Trace:
Cake\Error\BaseErrorHandler::handleFatalError() - CORE/src/Error/BaseErrorHandler.php, line 215
Cake\Error\BaseErrorHandler::Cake\Error\{closure}() - CORE/src/Error/BaseErrorHandler.php, line 98
[main] - [internal], line ??



2016-05-30 03:16:58 Error: [Cake\Error\FatalErrorException] syntax error, unexpected '}'
Request URL: /casamento/messages
Client IP: 10.240.0.203
Stack Trace:
#0 /home/ubuntu/workspace/casamento/vendor/cakephp/cakephp/src/Error/BaseErrorHandler.php(98): Cake\Error\BaseErrorHandler->handleFatalError(4, 'syntax error, u...', '/home/ubuntu/wo...', 14)
#1 [internal function]: Cake\Error\BaseErrorHandler->Cake\Error\{closure}()
#2 {main}


2016-05-30 03:48:18 Error: [Cake\View\Exception\MissingTemplateException] Template file "Messages/confirm.ctp" is missing.
Exception Attributes: array (
  'file' => 'Messages/confirm.ctp',
)
Request URL: /casamento/messages/confirm
Referer URL: https://hellynematheus-matheuspluz.c9users.io/casamento/messages
Client IP: 10.240.0.187
Stack Trace:
#0 /home/ubuntu/workspace/casamento/vendor/cakephp/cakephp/src/View/View.php(584): Cake\View\View->_getViewFileName(NULL)
#1 /home/ubuntu/workspace/casamento/vendor/cakephp/cakephp/src/Controller/Controller.php(611): Cake\View\View->render(NULL, NULL)
#2 /home/ubuntu/workspace/casamento/vendor/cakephp/cakephp/src/Routing/Dispatcher.php(120): Cake\Controller\Controller->render()
#3 /home/ubuntu/workspace/casamento/vendor/cakephp/cakephp/src/Routing/Dispatcher.php(87): Cake\Routing\Dispatcher->_invoke(Object(App\Controller\MessagesController))
#4 /home/ubuntu/workspace/casamento/webroot/index.php(37): Cake\Routing\Dispatcher->dispatch(Object(Cake\Network\Request), Object(Cake\Network\Response))
#5 {main}


2016-05-30 04:01:01 Error: [InvalidArgumentException] Cannot convert value to bool
Request URL: /casamento/messages/confirm
Referer URL: https://hellynematheus-matheuspluz.c9users.io/casamento/messages
Client IP: 10.240.0.208
Stack Trace:
#0 /home/ubuntu/workspace/casamento/vendor/cakephp/cakephp/src/Database/TypeConverterTrait.php(37): Cake\Database\Type\BoolType->toDatabase('true', Object(Cake\Database\Driver\Mysql))
#1 /home/ubuntu/workspace/casamento/vendor/cakephp/cakephp/src/Database/Statement/PDOStatement.php(70): Cake\Database\Statement\StatementDecorator->cast('true', 'boolean')
#2 /home/ubuntu/workspace/casamento/vendor/cakephp/cakephp/src/Database/Statement/StatementDecorator.php(105): Cake\Database\Statement\PDOStatement->bindValue('c1', 'true', 'boolean')
#3 /home/ubuntu/workspace/casamento/vendor/cakephp/cakephp/src/Database/Log/LoggingStatement.php(97): Cake\Database\Statement\StatementDecorator->bindValue('c1', 'true', 'boolean')
#4 /home/ubuntu/workspace/casamento/vendor/cakephp/cakephp/src/Database/Statement/StatementDecorator.php(290): Cake\Database\Log\LoggingStatement->bindValue('c1', 'true', 'boolean')
#5 /home/ubuntu/workspace/casamento/vendor/cakephp/cakephp/src/Database/ValueBinder.php(125): Cake\Database\Statement\StatementDecorator->bind(Array, Array)
#6 /home/ubuntu/workspace/casamento/vendor/cakephp/cakephp/src/Database/Connection.php(269): Cake\Database\ValueBinder->attachTo(Object(Cake\Database\Log\LoggingStatement))
#7 /home/ubuntu/workspace/casamento/vendor/cakephp/cakephp/src/Database/Query.php(188): Cake\Database\Connection->run(Object(Cake\ORM\Query))
#8 /home/ubuntu/workspace/casamento/vendor/cakephp/cakephp/src/ORM/Table.php(1611): Cake\Database\Query->execute()
#9 /home/ubuntu/workspace/casamento/vendor/cakephp/cakephp/src/ORM/Table.php(1462): Cake\ORM\Table->_update(Object(App\Model\Entity\Message), Array)
#10 /home/ubuntu/workspace/casamento/vendor/cakephp/cakephp/src/ORM/Table.php(1391): Cake\ORM\Table->_processSave(Object(App\Model\Entity\Message), Object(ArrayObject))
#11 /home/ubuntu/workspace/casamento/vendor/cakephp/cakephp/src/Database/Connection.php(557): Cake\ORM\Table->Cake\ORM\{closure}(Object(Cake\Database\Connection))
#12 /home/ubuntu/workspace/casamento/vendor/cakephp/cakephp/src/ORM/Table.php(1392): Cake\Database\Connection->transactional(Object(Closure))
#13 /home/ubuntu/workspace/casamento/src/Controller/MessagesController.php(113): Cake\ORM\Table->save(Object(App\Model\Entity\Message))
#14 [internal function]: App\Controller\MessagesController->confirm()
#15 /home/ubuntu/workspace/casamento/vendor/cakephp/cakephp/src/Controller/Controller.php(429): call_user_func_array(Array, Array)
#16 /home/ubuntu/workspace/casamento/vendor/cakephp/cakephp/src/Routing/Dispatcher.php(114): Cake\Controller\Controller->invokeAction()
#17 /home/ubuntu/workspace/casamento/vendor/cakephp/cakephp/src/Routing/Dispatcher.php(87): Cake\Routing\Dispatcher->_invoke(Object(App\Controller\MessagesController))
#18 /home/ubuntu/workspace/casamento/webroot/index.php(37): Cake\Routing\Dispatcher->dispatch(Object(Cake\Network\Request), Object(Cake\Network\Response))
#19 {main}


2016-05-30 04:02:59 Error: Fatal Error (4): syntax error, unexpected ':' in [/home/ubuntu/workspace/casamento/src/Controller/MessagesController.php, line 110]
Request URL: /casamento/messages
Client IP: 10.240.0.206
Trace:
Cake\Error\BaseErrorHandler::handleFatalError() - CORE/src/Error/BaseErrorHandler.php, line 215
Cake\Error\BaseErrorHandler::Cake\Error\{closure}() - CORE/src/Error/BaseErrorHandler.php, line 98
[main] - [internal], line ??



2016-05-30 04:02:59 Error: [Cake\Error\FatalErrorException] syntax error, unexpected ':'
Request URL: /casamento/messages
Client IP: 10.240.0.206
Stack Trace:
#0 /home/ubuntu/workspace/casamento/vendor/cakephp/cakephp/src/Error/BaseErrorHandler.php(98): Cake\Error\BaseErrorHandler->handleFatalError(4, 'syntax error, u...', '/home/ubuntu/wo...', 110)
#1 [internal function]: Cake\Error\BaseErrorHandler->Cake\Error\{closure}()
#2 {main}


2016-05-30 04:03:18 Error: Fatal Error (4): syntax error, unexpected ':' in [/home/ubuntu/workspace/casamento/src/Controller/MessagesController.php, line 110]
Request URL: /casamento/messages
Client IP: 10.240.0.208
Trace:
Cake\Error\BaseErrorHandler::handleFatalError() - CORE/src/Error/BaseErrorHandler.php, line 215
Cake\Error\BaseErrorHandler::Cake\Error\{closure}() - CORE/src/Error/BaseErrorHandler.php, line 98
[main] - [internal], line ??



2016-05-30 04:03:18 Error: [Cake\Error\FatalErrorException] syntax error, unexpected ':'
Request URL: /casamento/messages
Client IP: 10.240.0.208
Stack Trace:
#0 /home/ubuntu/workspace/casamento/vendor/cakephp/cakephp/src/Error/BaseErrorHandler.php(98): Cake\Error\BaseErrorHandler->handleFatalError(4, 'syntax error, u...', '/home/ubuntu/wo...', 110)
#1 [internal function]: Cake\Error\BaseErrorHandler->Cake\Error\{closure}()
#2 {main}


2016-05-30 04:08:34 Error: [InvalidArgumentException] Cannot convert value to bool
Request URL: /casamento/messages/confirm
Referer URL: https://hellynematheus-matheuspluz.c9users.io/casamento/messages
Client IP: 10.240.0.203
Stack Trace:
#0 /home/ubuntu/workspace/casamento/vendor/cakephp/cakephp/src/Database/TypeConverterTrait.php(37): Cake\Database\Type\BoolType->toDatabase('false', Object(Cake\Database\Driver\Mysql))
#1 /home/ubuntu/workspace/casamento/vendor/cakephp/cakephp/src/Database/Statement/PDOStatement.php(70): Cake\Database\Statement\StatementDecorator->cast('false', 'boolean')
#2 /home/ubuntu/workspace/casamento/vendor/cakephp/cakephp/src/Database/Statement/StatementDecorator.php(105): Cake\Database\Statement\PDOStatement->bindValue('c1', 'false', 'boolean')
#3 /home/ubuntu/workspace/casamento/vendor/cakephp/cakephp/src/Database/Log/LoggingStatement.php(97): Cake\Database\Statement\StatementDecorator->bindValue('c1', 'false', 'boolean')
#4 /home/ubuntu/workspace/casamento/vendor/cakephp/cakephp/src/Database/Statement/StatementDecorator.php(290): Cake\Database\Log\LoggingStatement->bindValue('c1', 'false', 'boolean')
#5 /home/ubuntu/workspace/casamento/vendor/cakephp/cakephp/src/Database/ValueBinder.php(125): Cake\Database\Statement\StatementDecorator->bind(Array, Array)
#6 /home/ubuntu/workspace/casamento/vendor/cakephp/cakephp/src/Database/Connection.php(269): Cake\Database\ValueBinder->attachTo(Object(Cake\Database\Log\LoggingStatement))
#7 /home/ubuntu/workspace/casamento/vendor/cakephp/cakephp/src/Database/Query.php(188): Cake\Database\Connection->run(Object(Cake\ORM\Query))
#8 /home/ubuntu/workspace/casamento/vendor/cakephp/cakephp/src/ORM/Table.php(1611): Cake\Database\Query->execute()
#9 /home/ubuntu/workspace/casamento/vendor/cakephp/cakephp/src/ORM/Table.php(1462): Cake\ORM\Table->_update(Object(App\Model\Entity\Message), Array)
#10 /home/ubuntu/workspace/casamento/vendor/cakephp/cakephp/src/ORM/Table.php(1391): Cake\ORM\Table->_processSave(Object(App\Model\Entity\Message), Object(ArrayObject))
#11 /home/ubuntu/workspace/casamento/vendor/cakephp/cakephp/src/Database/Connection.php(557): Cake\ORM\Table->Cake\ORM\{closure}(Object(Cake\Database\Connection))
#12 /home/ubuntu/workspace/casamento/vendor/cakephp/cakephp/src/ORM/Table.php(1392): Cake\Database\Connection->transactional(Object(Closure))
#13 /home/ubuntu/workspace/casamento/src/Controller/MessagesController.php(114): Cake\ORM\Table->save(Object(App\Model\Entity\Message))
#14 [internal function]: App\Controller\MessagesController->confirm()
#15 /home/ubuntu/workspace/casamento/vendor/cakephp/cakephp/src/Controller/Controller.php(429): call_user_func_array(Array, Array)
#16 /home/ubuntu/workspace/casamento/vendor/cakephp/cakephp/src/Routing/Dispatcher.php(114): Cake\Controller\Controller->invokeAction()
#17 /home/ubuntu/workspace/casamento/vendor/cakephp/cakephp/src/Routing/Dispatcher.php(87): Cake\Routing\Dispatcher->_invoke(Object(App\Controller\MessagesController))
#18 /home/ubuntu/workspace/casamento/webroot/index.php(37): Cake\Routing\Dispatcher->dispatch(Object(Cake\Network\Request), Object(Cake\Network\Response))
#19 {main}


2016-05-30 04:19:34 Error: [Cake\Controller\Exception\MissingActionException] Action ConfirmsController::apagar() could not be found, or is not accessible.
Exception Attributes: array (
  'controller' => 'ConfirmsController',
  'action' => 'apagar',
  'prefix' => '',
  'plugin' => NULL,
)
Request URL: /casamento/confirms/apagar/20
Referer URL: https://hellynematheus-matheuspluz.c9users.io/casamento/confirms
Client IP: 10.240.0.166
Stack Trace:
#0 /home/ubuntu/workspace/casamento/vendor/cakephp/cakephp/src/Routing/Dispatcher.php(114): Cake\Controller\Controller->invokeAction()
#1 /home/ubuntu/workspace/casamento/vendor/cakephp/cakephp/src/Routing/Dispatcher.php(87): Cake\Routing\Dispatcher->_invoke(Object(App\Controller\ConfirmsController))
#2 /home/ubuntu/workspace/casamento/webroot/index.php(37): Cake\Routing\Dispatcher->dispatch(Object(Cake\Network\Request), Object(Cake\Network\Response))
#3 {main}


